<?xml version="1.0" encoding="UTF-8"?>
<!-- Generated by org.testng.reporters.JUnitReportReporter -->
<testsuite hostname="LT322" failures="0" tests="1" name="SumValidatione_example" time="1.072" errors="0" timestamp="2022-11-22T00:54:15 IST" skipped="0">
  <testcase classname="SumValidatione_example" name="sumvalidation" time="1.072"/>
  <system-out/>
</testsuite> <!-- SumValidatione_example -->
